6 226622
7 3481001843
10 88
13 2960692
14 35890009853
16 8
18 99499
19 646909646
25 79497
26 733404337
28 2662
29 44755744
31 
51 484
61 0
62 49694
63 673404376
66 27872
67 468303864
69 2
71 907709
72 7558008557
89 8836886388
91 88011088
97 79497
98 829808928
112 363
113 5588855
114 0520000250
117 66
120 793397
121 4847007484
123 0
125 996699
126 6827007286
131 16261
132 812606218
134 77
136 655556
137 0293003920
139 6190916
140 04730003740
142 
151 9288829
152 68460006486
154 52299225
157 6446
158 27677672
160 82944928
162 
167 229922
168 928000829
170 078870
171 7644004467
173 899808998
175 86100168
180 91400419
182 
184 24242
185 630909036
188 55
192 3778773
193 67720002776
195 281020182
209 99
210 887788
211 9818008189
213 
217 445544
218 0848008480
221 99
224 4548454
225 91450005419
227 79699697
229 2
234 2786872
235 81450005418
238 6886
239 08455480
241 86399368
242 83700000738
245 121
259 363
266 440242044
269 9779
270 83588538
275 0
279 897798
280 5667007665
293 99
296 0320230
297 15710001751
299 8372738
300 47780008774
304 473374
305 6758008576
309 7997
310 61877816
313 25452
314 382303283
